<?xml version="1.0" encoding="UTF-8"?>
<!-- Generated by org.testng.reporters.JUnitReportReporter -->
<testsuite hostname="PUNITP422727L" failures="0" tests="1" name="NGPrac.NewTest" time="0.008" errors="0" timestamp="2022-03-25T13:59:07 IST" skipped="0">
  <testcase classname="NGPrac.NewTest" name="test" time="0.008"/>
  <system-out/>
</testsuite> <!-- NGPrac.NewTest -->
